This is pdfTeX, Version 3.14159265-2.6-1.40.17 (TeX Live 2016) (preloaded format=pdflatex 2016.9.24)  23 NOV 2016 18:51
entering extended mode
 restricted \write18 enabled.
 file:line:error style messages enabled.
 %&-line parsing enabled.
**SRS.tex
(./SRS.tex
LaTeX2e <2016/03/31>
Babel <3.9r> and hyphenation patterns for 83 language(s) loaded.
(/usr/local/texlive/2016/texmf-dist/tex/latex/base/report.cls
Document Class: report 2014/09/29 v1.4h Standard LaTeX document class
(/usr/local/texlive/2016/texmf-dist/tex/latex/base/size12.clo
File: size12.clo 2014/09/29 v1.4h Standard LaTeX file (size option)
)
\c@part=\count79
\c@chapter=\count80
\c@section=\count81
\c@subsection=\count82
\c@subsubsection=\count83
\c@paragraph=\count84
\c@subparagraph=\count85
\c@figure=\count86
\c@table=\count87
\abovecaptionskip=\skip41
\belowcaptionskip=\skip42
\bibindent=\dimen102
)
(/usr/local/texlive/2016/texmf-dist/tex/latex/multirow/multirow.sty
\bigstrutjot=\dimen103
)
(/usr/local/texlive/2016/texmf-dist/tex/latex/makecell/makecell.sty
Package: makecell 2009/08/03 V0.1e Managing of Tab Column Heads and Cells

(/usr/local/texlive/2016/texmf-dist/tex/latex/tools/array.sty
Package: array 2014/10/28 v2.4c Tabular extension package (FMi)
\col@sep=\dimen104
\extrarowheight=\dimen105
\NC@list=\toks14
\extratabsurround=\skip43
\backup@length=\skip44
)
\rotheadsize=\dimen106
\c@nlinenum=\count88
\TeXr@lab=\toks15
)
(/usr/local/texlive/2016/texmf-dist/tex/latex/graphics/graphicx.sty
Package: graphicx 2014/10/28 v1.0g Enhanced LaTeX Graphics (DPC,SPQR)

(/usr/local/texlive/2016/texmf-dist/tex/latex/graphics/keyval.sty
Package: keyval 2014/10/28 v1.15 key=value parser (DPC)
\KV@toks@=\toks16
)
(/usr/local/texlive/2016/texmf-dist/tex/latex/graphics/graphics.sty
Package: graphics 2016/05/09 v1.0r Standard LaTeX Graphics (DPC,SPQR)

(/usr/local/texlive/2016/texmf-dist/tex/latex/graphics/trig.sty
Package: trig 2016/01/03 v1.10 sin cos tan (DPC)
)
(/usr/local/texlive/2016/texmf-dist/tex/latex/graphics-cfg/graphics.cfg
File: graphics.cfg 2016/01/02 v1.10 sample graphics configuration
)
Package graphics Info: Driver file: pdftex.def on input line 96.

(/usr/local/texlive/2016/texmf-dist/tex/latex/pdftex-def/pdftex.def
File: pdftex.def 2011/05/27 v0.06d Graphics/color for pdfTeX

(/usr/local/texlive/2016/texmf-dist/tex/generic/oberdiek/infwarerr.sty
Package: infwarerr 2016/05/16 v1.4 Providing info/warning/error messages (HO)
)
(/usr/local/texlive/2016/texmf-dist/tex/generic/oberdiek/ltxcmds.sty
Package: ltxcmds 2016/05/16 v1.23 LaTeX kernel commands for general use (HO)
)
\Gread@gobject=\count89
))
\Gin@req@height=\dimen107
\Gin@req@width=\dimen108
)
(/usr/local/texlive/2016/texmf-dist/tex/latex/geometry/geometry.sty
Package: geometry 2010/09/12 v5.6 Page Geometry

(/usr/local/texlive/2016/texmf-dist/tex/generic/oberdiek/ifpdf.sty
Package: ifpdf 2016/05/14 v3.1 Provides the ifpdf switch
)
(/usr/local/texlive/2016/texmf-dist/tex/generic/oberdiek/ifvtex.sty
Package: ifvtex 2016/05/16 v1.6 Detect VTeX and its facilities (HO)
Package ifvtex Info: VTeX not detected.
)
(/usr/local/texlive/2016/texmf-dist/tex/generic/ifxetex/ifxetex.sty
Package: ifxetex 2010/09/12 v0.6 Provides ifxetex conditional
)
\Gm@cnth=\count90
\Gm@cntv=\count91
\c@Gm@tempcnt=\count92
\Gm@bindingoffset=\dimen109
\Gm@wd@mp=\dimen110
\Gm@odd@mp=\dimen111
\Gm@even@mp=\dimen112
\Gm@layoutwidth=\dimen113
\Gm@layoutheight=\dimen114
\Gm@layouthoffset=\dimen115
\Gm@layoutvoffset=\dimen116
\Gm@dimlist=\toks17
)
(/usr/local/texlive/2016/texmf-dist/tex/latex/amsmath/amsmath.sty
Package: amsmath 2016/03/10 v2.15b AMS math features
\@mathmargin=\skip45

For additional information on amsmath, use the `?' option.
(/usr/local/texlive/2016/texmf-dist/tex/latex/amsmath/amstext.sty
Package: amstext 2000/06/29 v2.01 AMS text

(/usr/local/texlive/2016/texmf-dist/tex/latex/amsmath/amsgen.sty
File: amsgen.sty 1999/11/30 v2.0 generic functions
\@emptytoks=\toks18
\ex@=\dimen117
))
(/usr/local/texlive/2016/texmf-dist/tex/latex/amsmath/amsbsy.sty
Package: amsbsy 1999/11/29 v1.2d Bold Symbols
\pmbraise@=\dimen118
)
(/usr/local/texlive/2016/texmf-dist/tex/latex/amsmath/amsopn.sty
Package: amsopn 2016/03/08 v2.02 operator names
)
\inf@bad=\count93
LaTeX Info: Redefining \frac on input line 199.
\uproot@=\count94
\leftroot@=\count95
LaTeX Info: Redefining \overline on input line 297.
\classnum@=\count96
\DOTSCASE@=\count97
LaTeX Info: Redefining \ldots on input line 394.
LaTeX Info: Redefining \dots on input line 397.
LaTeX Info: Redefining \cdots on input line 518.
\Mathstrutbox@=\box26
\strutbox@=\box27
\big@size=\dimen119
LaTeX Font Info:    Redeclaring font encoding OML on input line 634.
LaTeX Font Info:    Redeclaring font encoding OMS on input line 635.
\macc@depth=\count98
\c@MaxMatrixCols=\count99
\dotsspace@=\muskip10
\c@parentequation=\count100
\dspbrk@lvl=\count101
\tag@help=\toks19
\row@=\count102
\column@=\count103
\maxfields@=\count104
\andhelp@=\toks20
\eqnshift@=\dimen120
\alignsep@=\dimen121
\tagshift@=\dimen122
\tagwidth@=\dimen123
\totwidth@=\dimen124
\lineht@=\dimen125
\@envbody=\toks21
\multlinegap=\skip46
\multlinetaggap=\skip47
\mathdisplay@stack=\toks22
LaTeX Info: Redefining \[ on input line 2739.
LaTeX Info: Redefining \] on input line 2740.
)
(/usr/local/texlive/2016/texmf-dist/tex/latex/amsfonts/amssymb.sty
Package: amssymb 2013/01/14 v3.01 AMS font symbols

(/usr/local/texlive/2016/texmf-dist/tex/latex/amsfonts/amsfonts.sty
Package: amsfonts 2013/01/14 v3.01 Basic AMSFonts support
\symAMSa=\mathgroup4
\symAMSb=\mathgroup5
LaTeX Font Info:    Overwriting math alphabet `\mathfrak' in version `bold'
(Font)                  U/euf/m/n --> U/euf/b/n on input line 106.
))
(./SRS.aux)
\openout1 = `SRS.aux'.

LaTeX Font Info:    Checking defaults for OML/cmm/m/it on input line 11.
LaTeX Font Info:    ... okay on input line 11.
LaTeX Font Info:    Checking defaults for T1/cmr/m/n on input line 11.
LaTeX Font Info:    ... okay on input line 11.
LaTeX Font Info:    Checking defaults for OT1/cmr/m/n on input line 11.
LaTeX Font Info:    ... okay on input line 11.
LaTeX Font Info:    Checking defaults for OMS/cmsy/m/n on input line 11.
LaTeX Font Info:    ... okay on input line 11.
LaTeX Font Info:    Checking defaults for OMX/cmex/m/n on input line 11.
LaTeX Font Info:    ... okay on input line 11.
LaTeX Font Info:    Checking defaults for U/cmr/m/n on input line 11.
LaTeX Font Info:    ... okay on input line 11.

(/usr/local/texlive/2016/texmf-dist/tex/context/base/mkii/supp-pdf.mkii
[Loading MPS to PDF converter (version 2006.09.02).]
\scratchcounter=\count105
\scratchdimen=\dimen126
\scratchbox=\box28
\nofMPsegments=\count106
\nofMParguments=\count107
\everyMPshowfont=\toks23
\MPscratchCnt=\count108
\MPscratchDim=\dimen127
\MPnumerator=\count109
\makeMPintoPDFobject=\count110
\everyMPtoPDFconversion=\toks24
) (/usr/local/texlive/2016/texmf-dist/tex/generic/oberdiek/pdftexcmds.sty
Package: pdftexcmds 2016/05/10 v0.21 Utility functions of pdfTeX for LuaTeX (HO
)

(/usr/local/texlive/2016/texmf-dist/tex/generic/oberdiek/ifluatex.sty
Package: ifluatex 2016/05/16 v1.4 Provides the ifluatex switch (HO)
Package ifluatex Info: LuaTeX not detected.
)
Package pdftexcmds Info: LuaTeX not detected.
Package pdftexcmds Info: \pdf@primitive is available.
Package pdftexcmds Info: \pdf@ifprimitive is available.
Package pdftexcmds Info: \pdfdraftmode found.
)
(/usr/local/texlive/2016/texmf-dist/tex/latex/oberdiek/epstopdf-base.sty
Package: epstopdf-base 2016/05/15 v2.6 Base part for package epstopdf

(/usr/local/texlive/2016/texmf-dist/tex/latex/oberdiek/grfext.sty
Package: grfext 2016/05/16 v1.2 Manage graphics extensions (HO)

(/usr/local/texlive/2016/texmf-dist/tex/generic/oberdiek/kvdefinekeys.sty
Package: kvdefinekeys 2016/05/16 v1.4 Define keys (HO)
))
(/usr/local/texlive/2016/texmf-dist/tex/latex/oberdiek/kvoptions.sty
Package: kvoptions 2016/05/16 v3.12 Key value format for package options (HO)

(/usr/local/texlive/2016/texmf-dist/tex/generic/oberdiek/kvsetkeys.sty
Package: kvsetkeys 2016/05/16 v1.17 Key value parser (HO)

(/usr/local/texlive/2016/texmf-dist/tex/generic/oberdiek/etexcmds.sty
Package: etexcmds 2016/05/16 v1.6 Avoid name clashes with e-TeX commands (HO)
Package etexcmds Info: Could not find \expanded.
(etexcmds)             That can mean that you are not using pdfTeX 1.50 or
(etexcmds)             that some package has redefined \expanded.
(etexcmds)             In the latter case, load this package earlier.
)))
Package grfext Info: Graphics extension search list:
(grfext)             [.png,.pdf,.jpg,.mps,.jpeg,.jbig2,.jb2,.PNG,.PDF,.JPG,.JPE
G,.JBIG2,.JB2,.eps]
(grfext)             \AppendGraphicsExtensions on input line 456.

(/usr/local/texlive/2016/texmf-dist/tex/latex/latexconfig/epstopdf-sys.cfg
File: epstopdf-sys.cfg 2010/07/13 v1.3 Configuration of (r)epstopdf for TeX Liv
e
))
*geometry* driver: auto-detecting
*geometry* detected driver: pdftex
*geometry* verbose mode - [ preamble ] result:
* driver: pdftex
* paper: <default>
* layout: <same size as paper>
* layoutoffset:(h,v)=(0.0pt,0.0pt)
* modes: 
* h-part:(L,W,R)=(71.13188pt, 472.03123pt, 71.13188pt)
* v-part:(T,H,B)=(71.13188pt, 652.70622pt, 71.13188pt)
* \paperwidth=614.295pt
* \paperheight=794.96999pt
* \textwidth=472.03123pt
* \textheight=652.70622pt
* \oddsidemargin=-1.1381pt
* \evensidemargin=-1.1381pt
* \topmargin=-38.1381pt
* \headheight=12.0pt
* \headsep=25.0pt
* \topskip=12.0pt
* \footskip=30.0pt
* \marginparwidth=44.0pt
* \marginparsep=10.0pt
* \columnsep=10.0pt
* \skip\footins=10.8pt plus 4.0pt minus 2.0pt
* \hoffset=0.0pt
* \voffset=0.0pt
* \mag=1000
* \@twocolumnfalse
* \@twosidefalse
* \@mparswitchfalse
* \@reversemarginfalse
* (1in=72.27pt=25.4mm, 1cm=28.453pt)

LaTeX Font Info:    Try loading font information for U+msa on input line 19.
(/usr/local/texlive/2016/texmf-dist/tex/latex/amsfonts/umsa.fd
File: umsa.fd 2013/01/14 v3.01 AMS symbols A
)
LaTeX Font Info:    Try loading font information for U+msb on input line 19.

(/usr/local/texlive/2016/texmf-dist/tex/latex/amsfonts/umsb.fd
File: umsb.fd 2013/01/14 v3.01 AMS symbols B
) [1

{/usr/local/texlive/2016/texmf-var/fonts/map/pdftex/updmap/pdftex.map}] (./SRS.
toc)
\tf@toc=\write3
\openout3 = `SRS.toc'.

 [1

]
Overfull \hbox (31.7763pt too wide) in paragraph at lines 44--70
 [] [] 
 []

[1] [2] <1.PNG, id=18, 450.68375pt x 160.6pt>
File: 1.PNG Graphic file (type png)
 <use 1.PNG>
Package pdftex.def Info: 1.PNG used on input line 87.
(pdftex.def)             Requested size: 450.68263pt x 160.5996pt.
 [3 <./1.PNG>]
<2.PNG, id=24, 514.92375pt x 184.69pt>
File: 2.PNG Graphic file (type png)
 <use 2.PNG>
Package pdftex.def Info: 2.PNG used on input line 112.
(pdftex.def)             Requested size: 514.92249pt x 184.68953pt.

Overfull \hbox (42.89125pt too wide) in paragraph at lines 112--113
[][] 
 []

<3.PNG, id=25, 529.98pt x 201.75375pt>
File: 3.PNG Graphic file (type png)
 <use 3.PNG>
Package pdftex.def Info: 3.PNG used on input line 137.
(pdftex.def)             Requested size: 529.97868pt x 201.75325pt.

Overfull \hbox (57.94745pt too wide) in paragraph at lines 137--138
[][] 
 []

[4 <./2.PNG>] [5 <./3.PNG>] <4.PNG, id=35, 519.9425pt x 219.82124pt>
File: 4.PNG Graphic file (type png)

<use 4.PNG>
Package pdftex.def Info: 4.PNG used on input line 165.
(pdftex.def)             Requested size: 519.94124pt x 219.8207pt.

Overfull \hbox (47.91pt too wide) in paragraph at lines 165--166
[][] 
 []

[6 <./4.PNG>] <5.PNG, id=40, 495.8525pt x 196.735pt>
File: 5.PNG Graphic file (type png)
 <use 5.PNG>
Package pdftex.def Info: 5.PNG used on input line 196.
(pdftex.def)             Requested size: 495.85129pt x 196.7345pt.

Overfull \hbox (23.82005pt too wide) in paragraph at lines 196--197
[][] 
 []

[7 <./5.PNG>] <6.PNG, id=45, 431.6125pt x 178.6675pt>
File: 6.PNG Graphic file (type png)
 <use 6.PNG>
Package pdftex.def Info: 6.PNG used on input line 225.
(pdftex.def)             Requested size: 431.61143pt x 178.66705pt.
 [8 <./6.PNG>] <7.PNG, id=50, 421.575pt x 175.65625pt>
File: 7.PNG Graphic file (type png)
 <use 7.PNG>
Package pdftex.def Info: 7.PNG used on input line 254.
(pdftex.def)             Requested size: 421.57396pt x 175.6558pt.
 [9 <./7.PNG>]
<8.PNG, id=55, 413.545pt x 176.66pt>
File: 8.PNG Graphic file (type png)
 <use 8.PNG>
Package pdftex.def Info: 8.PNG used on input line 285.
(pdftex.def)             Requested size: 413.54398pt x 176.65956pt.
 [10 <./8.PNG>]
<9.PNG, id=60, 433.62pt x 178.6675pt>
File: 9.PNG Graphic file (type png)
 <use 9.PNG>
Package pdftex.def Info: 9.PNG used on input line 314.
(pdftex.def)             Requested size: 433.61894pt x 178.66705pt.
 [11 <./9.PNG>]
<10.PNG, id=66, 431.6125pt x 204.765pt>
File: 10.PNG Graphic file (type png)
 <use 10.PNG>
Package pdftex.def Info: 10.PNG used on input line 343.
(pdftex.def)             Requested size: 431.61143pt x 204.76448pt.
 [12 <./10.PNG>]
<11.PNG, id=71, 428.60126pt x 179.67125pt>
File: 11.PNG Graphic file (type png)
 <use 11.PNG>
Package pdftex.def Info: 11.PNG used on input line 375.
(pdftex.def)             Requested size: 428.6002pt x 179.67079pt.
 [13 <./11.PNG>]
<12.PNG, id=76, 444.66125pt x 184.69pt>
File: 12.PNG Graphic file (type png)
 <use 12.PNG>
Package pdftex.def Info: 12.PNG used on input line 405.
(pdftex.def)             Requested size: 444.66016pt x 184.68953pt.
 [14 <./12.PNG>]
<13.PNG, id=81, 493.845pt x 227.85126pt>
File: 13.PNG Graphic file (type png)
 <use 13.PNG>
Package pdftex.def Info: 13.PNG used on input line 437.
(pdftex.def)             Requested size: 493.84378pt x 227.8507pt.

Overfull \hbox (21.81255pt too wide) in paragraph at lines 437--438
[][] 
 []

[15 <./13.PNG>] <14.PNG, id=86, 512.91624pt x 208.78pt>
File: 14.PNG Graphic file (type png)
 <use 14.PNG>
Package pdftex.def Info: 14.PNG used on input line 465.
(pdftex.def)             Requested size: 512.915pt x 208.77946pt.

Overfull \hbox (40.88376pt too wide) in paragraph at lines 465--466
[][] 
 []

[16 <./14.PNG>] <21.PNG, id=91, 549.05125pt x 240.9pt>
File: 21.PNG Graphic file (type png)
 <use 21.PNG>
Package pdftex.def Info: 21.PNG used on input line 494.
(pdftex.def)             Requested size: 549.04991pt x 240.8994pt.

Overfull \hbox (77.01868pt too wide) in paragraph at lines 494--495
[][] 
 []

[17 <./21.PNG>] <22.PNG, id=97, 558.085pt x 249.93375pt>
File: 22.PNG Graphic file (type png)
 <use 22.PNG>
Package pdftex.def Info: 22.PNG used on input line 527.
(pdftex.def)             Requested size: 558.08365pt x 249.93314pt.

Overfull \hbox (86.05241pt too wide) in paragraph at lines 527--528
[][] 
 []

[18 <./22.PNG>] <23.PNG, id=102, 558.085pt x 251.94125pt>
File: 23.PNG Graphic file (type png)
 <use 23.PNG>
Package pdftex.def Info: 23.PNG used on input line 558.
(pdftex.def)             Requested size: 558.08365pt x 251.94063pt.

Overfull \hbox (86.05241pt too wide) in paragraph at lines 558--559
[][] 
 []

[19 <./23.PNG>] <24.PNG, id=107, 549.05125pt x 246.9225pt>
File: 24.PNG Graphic file (type png)
 <use 24.PNG>
Package pdftex.def Info: 24.PNG used on input line 589.
(pdftex.def)             Requested size: 549.04991pt x 246.92188pt.

Overfull \hbox (77.01868pt too wide) in paragraph at lines 589--590
[][] 
 []

[20 <./24.PNG>] <25.PNG, id=112, 536.0025pt x 239.89626pt>
File: 25.PNG Graphic file (type png)
 <use 25.PNG>
Package pdftex.def Info: 25.PNG used on input line 620.
(pdftex.def)             Requested size: 536.00119pt x 239.89566pt.

Overfull \hbox (63.96996pt too wide) in paragraph at lines 620--621
[][] 
 []

[21 <./25.PNG>] <26.PNG, id=117, 543.02875pt x 239.89626pt>
File: 26.PNG Graphic file (type png)
 <use 26.PNG>
Package pdftex.def Info: 26.PNG used on input line 646.
(pdftex.def)             Requested size: 543.0274pt x 239.89566pt.

Overfull \hbox (70.99617pt too wide) in paragraph at lines 646--647
[][] 
 []

[22 <./26.PNG>] <27.PNG, id=122, 520.94624pt x 237.88875pt>
File: 27.PNG Graphic file (type png)
 <use 27.PNG>
Package pdftex.def Info: 27.PNG used on input line 674.
(pdftex.def)             Requested size: 520.94498pt x 237.88815pt.

Overfull \hbox (48.91374pt too wide) in paragraph at lines 674--675
[][] 
 []

[23 <./27.PNG>] <28.PNG, id=128, 534.99875pt x 245.91875pt>
File: 28.PNG Graphic file (type png)
 <use 28.PNG>
Package pdftex.def Info: 28.PNG used on input line 702.
(pdftex.def)             Requested size: 534.99744pt x 245.91814pt.

Overfull \hbox (62.9662pt too wide) in paragraph at lines 702--703
[][] 
 []

[24 <./28.PNG>] <29.PNG, id=133, 556.0775pt x 226.8475pt>
File: 29.PNG Graphic file (type png)
 <use 29.PNG>
Package pdftex.def Info: 29.PNG used on input line 730.
(pdftex.def)             Requested size: 556.07614pt x 226.84694pt.

Overfull \hbox (84.0449pt too wide) in paragraph at lines 730--731
[][] 
 []

[25 <./29.PNG>] <210.PNG, id=138, 534.99875pt x 236.885pt>
File: 210.PNG Graphic file (type png)
 <use 210.PNG>
Package pdftex.def Info: 210.PNG used on input line 760.
(pdftex.def)             Requested size: 534.99744pt x 236.88441pt.

Overfull \hbox (62.9662pt too wide) in paragraph at lines 760--761
[][] 
 []

[26 <./210.PNG>] <211.PNG, id=143, 446.66875pt x 213.79875pt>
File: 211.PNG Graphic file (type png)
 <use 211.PNG>
Package pdftex.def Info: 211.PNG used on input line 788.
(pdftex.def)             Requested size: 446.66765pt x 213.79822pt.

[27 <./211.PNG>] <212.PNG, id=148, 524.96124pt x 215.80624pt>
File: 212.PNG Graphic file (type png)
 <use 212.PNG>
Package pdftex.def Info: 212.PNG used on input line 819.
(pdftex.def)             Requested size: 524.95996pt x 215.80571pt.

Overfull \hbox (52.92873pt too wide) in paragraph at lines 819--820
[][] 
 []

[28 <./212.PNG>] <213.PNG, id=153, 513.92pt x 216.81pt>
File: 213.PNG Graphic file (type png)
 <use 213.PNG>
Package pdftex.def Info: 213.PNG used on input line 850.
(pdftex.def)             Requested size: 513.91873pt x 216.80946pt.

Overfull \hbox (41.8875pt too wide) in paragraph at lines 850--851
[][] 
 []

[29 <./213.PNG>] <214.PNG, id=159, 486.81876pt x 188.705pt>
File: 214.PNG Graphic file (type png)
 <use 214.PNG>
Package pdftex.def Info: 214.PNG used on input line 880.
(pdftex.def)             Requested size: 486.81757pt x 188.70453pt.

Overfull \hbox (14.78633pt too wide) in paragraph at lines 880--881
[][] 
 []

[30 <./214.PNG>] <215.PNG, id=164, 445.665pt x 185.69376pt>
File: 215.PNG Graphic file (type png)
 <use 215.PNG>
Package pdftex.def Info: 215.PNG used on input line 918.
(pdftex.def)             Requested size: 445.66391pt x 185.6933pt.

[31 <./215.PNG>] <216.PNG, id=169, 469.755pt x 181.67876pt>
File: 216.PNG Graphic file (type png)
 <use 216.PNG>
Package pdftex.def Info: 216.PNG used on input line 953.
(pdftex.def)             Requested size: 469.75386pt x 181.6783pt.

[32 <./216.PNG>] <217.PNG, id=174, 434.62375pt x 183.68625pt>
File: 217.PNG Graphic file (type png)
 <use 217.PNG>
Package pdftex.def Info: 217.PNG used on input line 985.
(pdftex.def)             Requested size: 434.62268pt x 183.68578pt.

[33 <./217.PNG>] <218.PNG, id=179, 442.65375pt x 184.69pt>
File: 218.PNG Graphic file (type png)
 <use 218.PNG>
Package pdftex.def Info: 218.PNG used on input line 1013.
(pdftex.def)             Requested size: 442.65265pt x 184.68953pt.

[34 <./218.PNG>]
Overfull \hbox (21.16254pt too wide) in paragraph at lines 1044--1070
 [] [] 
 []


Overfull \hbox (16.85425pt too wide) in paragraph at lines 1075--1103
 [] [] 
 []


Overfull \hbox (16.85425pt too wide) in paragraph at lines 1109--1135
 [] [] 
 []


Overfull \hbox (42.3123pt too wide) in paragraph at lines 1140--1167
 [] [] 
 []

[35]
Overfull \hbox (41.79427pt too wide) in paragraph at lines 1172--1204
 [] [] 
 []


Overfull \hbox (36.76793pt too wide) in paragraph at lines 1209--1238
 [] [] 
 []

[36]
Overfull \hbox (28.76524pt too wide) in paragraph at lines 1243--1277
 [] [] 
 []


Overfull \hbox (28.76524pt too wide) in paragraph at lines 1282--1315
 [] [] 
 []

[37]
Overfull \hbox (28.76524pt too wide) in paragraph at lines 1320--1356
 [] [] 
 []


Overfull \hbox (28.76524pt too wide) in paragraph at lines 1361--1397
 [] [] 
 []

[38]
Overfull \hbox (24.0389pt too wide) in paragraph at lines 1402--1433
 [] [] 
 []


Overfull \hbox (15.4876pt too wide) in paragraph at lines 1438--1468
 [] [] 
 []

[39]
Overfull \hbox (39.37901pt too wide) in paragraph at lines 1473--1503
 [] [] 
 []


Overfull \hbox (41.1415pt too wide) in paragraph at lines 1508--1539
 [] [] 
 []

[40]
Overfull \hbox (57.13438pt too wide) in paragraph at lines 1545--1586
 [] [] 
 []

[41]
Overfull \hbox (52.72194pt too wide) in paragraph at lines 1591--1628
 [] [] 
 []

[42]
Overfull \hbox (57.52187pt too wide) in paragraph at lines 1633--1668
 [] [] 
 []

[43]
Overfull \hbox (40.47621pt too wide) in paragraph at lines 1674--1711
 [] [] 
 []

[44]
Overfull \hbox (30.89299pt too wide) in paragraph at lines 1717--1745
 [] [] 
 []


Overfull \hbox (4.58632pt too wide) in paragraph at lines 1750--1781
 [] [] 
 []

[45]
Overfull \hbox (48.26367pt too wide) in paragraph at lines 1786--1821
 [] [] 
 []


Overfull \hbox (48.30946pt too wide) in paragraph at lines 1826--1856
 [] [] 
 []

[46]
Overfull \hbox (63.13571pt too wide) in paragraph at lines 1861--1896
 [] [] 
 []


Overfull \hbox (13.92094pt too wide) in paragraph at lines 1901--1933
 [] [] 
 []

[47]
Overfull \hbox (23.90416pt too wide) in paragraph at lines 1939--1973
 [] [] 
 []

[48]
Overfull \hbox (52.265pt too wide) in paragraph at lines 2017--2052
 [] [] 
 []

[49]
Overfull \hbox (52.56499pt too wide) in paragraph at lines 2058--2100
 [] [] 
 []

[50]
Overfull \hbox (50.40668pt too wide) in paragraph at lines 2105--2146
 [] [] 
 []

[51]
Overfull \hbox (30.00551pt too wide) in paragraph at lines 2150--2187
 [] [] 
 []

[52]
Overfull \hbox (30.00551pt too wide) in paragraph at lines 2192--2225
 [] [] 
 []


Overfull \hbox (30.00551pt too wide) in paragraph at lines 2230--2265
 [] [] 
 []


Underfull \hbox (badness 10000) in paragraph at lines 2230--2265

 []


Underfull \hbox (badness 10000) in paragraph at lines 2230--2265

 []


Underfull \hbox (badness 10000) in paragraph at lines 2230--2265

 []


Underfull \hbox (badness 10000) in paragraph at lines 2230--2265

 []


Underfull \hbox (badness 10000) in paragraph at lines 2230--2265

 []


Underfull \hbox (badness 10000) in paragraph at lines 2230--2265

 []


Underfull \hbox (badness 10000) in paragraph at lines 2230--2265

 []


Underfull \hbox (badness 10000) in paragraph at lines 2230--2265

 []


Underfull \hbox (badness 10000) in paragraph at lines 2230--2265

 []


Underfull \hbox (badness 10000) in paragraph at lines 2230--2265

 []


Underfull \hbox (badness 10000) in paragraph at lines 2230--2265

 []


Underfull \hbox (badness 10000) in paragraph at lines 2230--2265

 []


Underfull \hbox (badness 10000) in paragraph at lines 2230--2265

 []


Underfull \hbox (badness 10000) in paragraph at lines 2230--2265

 []


Underfull \hbox (badness 10000) in paragraph at lines 2230--2265

 []


Underfull \hbox (badness 10000) in paragraph at lines 2230--2265

 []


Underfull \hbox (badness 10000) in paragraph at lines 2230--2265

 []


Underfull \hbox (badness 10000) in paragraph at lines 2230--2265

 []


Underfull \hbox (badness 10000) in paragraph at lines 2230--2265

 []


Underfull \hbox (badness 10000) in paragraph at lines 2230--2265

 []


Underfull \hbox (badness 10000) in paragraph at lines 2230--2265

 []

[53] <0.PNG, id=246, 381.1038pt x 602.25pt>
File: 0.PNG Graphic file (type png)
 <use 0.PNG>
Package pdftex.def Info: 0.PNG used on input line 2268.
(pdftex.def)             Requested size: 381.10286pt x 602.24852pt.
 [54] [55 <./0.PNG>]
Overfull \hbox (39.93065pt too wide) in paragraph at lines 2278--2315
 [] [] 
 []


Overfull \hbox (35.93623pt too wide) in paragraph at lines 2319--2329
 [] [] 
 []


Overfull \hbox (44.00839pt too wide) in paragraph at lines 2331--2359
 [] [] 
 []

[56]
Overfull \hbox (31.12798pt too wide) in paragraph at lines 2363--2411
 [] [] 
 []

[57] [58] (./SRS.aux) ) 
Here is how much of TeX's memory you used:
 3257 strings out of 493014
 42996 string characters out of 6133351
 119133 words of memory out of 5000000
 6717 multiletter control sequences out of 15000+600000
 13316 words of font info for 51 fonts, out of 8000000 for 9000
 1141 hyphenation exceptions out of 8191
 38i,13n,26p,916b,210s stack positions out of 5000i,500n,10000p,200000b,80000s
</usr/local/texlive/2016/texmf-dist/fonts/type1/public/a
msfonts/cm/cmbx12.pfb></usr/local/texlive/2016/texmf-dist/fonts/type1/public/am
sfonts/cm/cmr12.pfb></usr/local/texlive/2016/texmf-dist/fonts/type1/public/amsf
onts/cm/cmr17.pfb>
Output written on SRS.pdf (60 pages, 1118399 bytes).
PDF statistics:
 277 PDF objects out of 1000 (max. 8388607)
 144 compressed objects within 2 object streams
 0 named destinations out of 1000 (max. 500000)
 166 words of extra memory for PDF output out of 10000 (max. 10000000)

